<?xml version="1.0" encoding="UTF-8"?>
<!-- Generated by org.testng.reporters.JUnitReportReporter -->
<testsuite skipped="0" hostname="DESKTOP-O74UBR5" name="com.crm.testscripts.CreateAccountTest" tests="1" failures="0" timestamp="2020-07-04T15:43:39 IST" time="0.988" errors="0">
  <testcase name="loginToCrmApplication" time="0.988" classname="com.crm.testscripts.CreateAccountTest"/>
</testsuite> <!-- com.crm.testscripts.CreateAccountTest -->
