<?xml version="1.0" encoding="UTF-8"?>
<!-- Generated by org.testng.reporters.JUnitReportReporter -->
<testsuite skipped="0" hostname="DESKTOP-O74UBR5" name="com.crm.testscripts.AccountTest" tests="1" failures="0" timestamp="2020-08-29T19:40:34 IST" time="30.273" errors="0">
  <testcase name="composeAnEmail" time="30.273" classname="com.crm.testscripts.AccountTest"/>
</testsuite> <!-- com.crm.testscripts.AccountTest -->
